2017-04-19T17:24:37+00:00 ubuntu#00 I: Runner: sequential
2017-04-19T17:24:37+00:00 ubuntu#00 I: Chooser: simple
2017-04-19T17:24:37+00:00 ubuntu#00 I: Configuration suite_name = "lens_fd_helpers"
2017-04-19T17:24:37+00:00 ubuntu#00 I: Configuration cache_filename = "/home/administrator/mres/links2/oUnit-$(suite_name).cache"
2017-04-19T17:24:37+00:00 ubuntu#00 I: Configuration display = "true"
2017-04-19T17:24:37+00:00 ubuntu#00 I: Configuration results_style_1_X = "false"
2017-04-19T17:24:37+00:00 ubuntu#00 I: Configuration verbose = "false"
2017-04-19T17:24:37+00:00 ubuntu#00 I: Configuration health_check_interval = "1."
2017-04-19T17:24:37+00:00 ubuntu#00 I: Configuration testdata_dir = "none"
2017-04-19T17:24:37+00:00 ubuntu#00 I: Configuration chooser = "simple"
2017-04-19T17:24:37+00:00 ubuntu#00 I: Configuration output_html_dir = "none"
2017-04-19T17:24:37+00:00 ubuntu#00 I: Configuration processes_kill_period = "5."
2017-04-19T17:24:37+00:00 ubuntu#00 I: Configuration runner = "sequential"
2017-04-19T17:24:37+00:00 ubuntu#00 I: Configuration shards = "2"
2017-04-19T17:24:37+00:00 ubuntu#00 I: Configuration processes_grace_period = "5."
2017-04-19T17:24:37+00:00 ubuntu#00 I: Configuration log_encoding = "utf-8"
2017-04-19T17:24:37+00:00 ubuntu#00 I: Configuration output_junit_file = "none"
2017-04-19T17:24:37+00:00 ubuntu#00 I: Configuration output_file = "/home/administrator/mres/links2/oUnit-$(suite_name)-$(shard_id).log"
2017-04-19T17:24:37+00:00 ubuntu#00 I: Start test lens_fd_helpers:0:test1.
2017-04-19T17:24:37+00:00 ubuntu#00 E: Test lens_fd_helpers:0:test1 has failed.
2017-04-19T17:24:37+00:00 ubuntu#00 E: not equal in test lens_fd_helpers:0:test1.
2017-04-19T17:24:37+00:00 ubuntu#00 E: Raised at file "src/oUnitAssert.ml", line 45, characters 8-27
2017-04-19T17:24:37+00:00 ubuntu#00 E: Called from file "src/oUnitRunner.ml", line 46, characters 13-26
2017-04-19T17:24:37+00:00 ubuntu#00 E: 
2017-04-19T17:24:37+00:00 ubuntu#00 I: End test lens_fd_helpers:0:test1.
2017-04-19T17:24:37+00:00 ubuntu#00 I: ==============
2017-04-19T17:24:37+00:00 ubuntu#00 I: Summary:
2017-04-19T17:24:37+00:00 ubuntu#00 E: Test lens_fd_helpers:0:test1 has failed.
2017-04-19T17:24:37+00:00 ubuntu#00 E: not equal in test lens_fd_helpers:0:test1.
2017-04-19T17:24:37+00:00 ubuntu#00 E: Raised at file "src/oUnitAssert.ml", line 45, characters 8-27
2017-04-19T17:24:37+00:00 ubuntu#00 E: Called from file "src/oUnitRunner.ml", line 46, characters 13-26
2017-04-19T17:24:37+00:00 ubuntu#00 E: 
2017-04-19T17:24:37+00:00 ubuntu#00 I: Ran: 1 tests in: 0.43 seconds.
2017-04-19T17:24:37+00:00 ubuntu#00 I: Cases: 1.
2017-04-19T17:24:37+00:00 ubuntu#00 I: Tried: 1.
2017-04-19T17:24:37+00:00 ubuntu#00 I: Errors: 0.
2017-04-19T17:24:37+00:00 ubuntu#00 I: Failures: 1.
2017-04-19T17:24:37+00:00 ubuntu#00 I: Skip: 0.
2017-04-19T17:24:37+00:00 ubuntu#00 I: Todo: 0.
2017-04-19T17:24:37+00:00 ubuntu#00 I: Timeout: 0.
